<?xml version="1.0" encoding="UTF-8"?>
<!-- Generated by org.testng.reporters.JUnitReportReporter -->
<testsuite hostname="CPT0QG3" failures="0" tests="4" name="com.demo.orangehrmlive.TestScripts.TC003_ValidateLoginFunctionalityWithExcelData" time="34.747" errors="0" timestamp="2024-07-07T00:00:04 IST" skipped="0">
  <testcase classname="com.demo.orangehrmlive.TestScripts.TC003_ValidateLoginFunctionalityWithExcelData" name="loginFunctionality" time="8.730"/>
  <system-out/>
  <testcase classname="com.demo.orangehrmlive.TestScripts.TC003_ValidateLoginFunctionalityWithExcelData" name="loginFunctionality" time="8.089"/>
  <system-out/>
  <testcase classname="com.demo.orangehrmlive.TestScripts.TC003_ValidateLoginFunctionalityWithExcelData" name="loginFunctionality" time="9.345"/>
  <system-out/>
  <testcase classname="com.demo.orangehrmlive.TestScripts.TC003_ValidateLoginFunctionalityWithExcelData" name="loginFunctionality" time="8.583"/>
  <system-out/>
</testsuite> <!-- com.demo.orangehrmlive.TestScripts.TC003_ValidateLoginFunctionalityWithExcelData -->
