<?xml version="1.0" encoding="UTF-8"?>
<!-- Generated by org.testng.reporters.JUnitReportReporter -->
<testsuite hostname="CPT0QG3" failures="0" tests="4" name="com.demo.orangehrmlive.TestScripts.TC004_ValidateLoginFunctionalityWithExcelDataProviderInSeperateClass" time="60.184" errors="0" timestamp="2024-07-07T16:55:47 IST" skipped="0">
  <testcase classname="com.demo.orangehrmlive.TestScripts.TC004_ValidateLoginFunctionalityWithExcelDataProviderInSeperateClass" name="loginFunctionality" time="11.393"/>
  <system-out/>
  <testcase classname="com.demo.orangehrmlive.TestScripts.TC004_ValidateLoginFunctionalityWithExcelDataProviderInSeperateClass" name="loginFunctionality" time="11.866"/>
  <system-out/>
  <testcase classname="com.demo.orangehrmlive.TestScripts.TC004_ValidateLoginFunctionalityWithExcelDataProviderInSeperateClass" name="loginFunctionality" time="13.132"/>
  <system-out/>
  <testcase classname="com.demo.orangehrmlive.TestScripts.TC004_ValidateLoginFunctionalityWithExcelDataProviderInSeperateClass" name="loginFunctionality" time="23.793"/>
  <system-out/>
</testsuite> <!-- com.demo.orangehrmlive.TestScripts.TC004_ValidateLoginFunctionalityWithExcelDataProviderInSeperateClass -->
