<?xml version="1.0" encoding="UTF-8"?>
<!-- Generated by org.testng.reporters.JUnitReportReporter -->
<testsuite hostname="CPT0QG3" failures="0" tests="11" name="com.demo.orangehrmlive.TestScripts.TC005_ValidateMainMenuFunctionality" time="150.861" errors="1" timestamp="2024-07-07T16:59:33 IST" skipped="0">
  <testcase classname="com.demo.orangehrmlive.TestScripts.TC005_ValidateMainMenuFunctionality" name="orangehrmMailMenuTest" time="18.975">
    <error message="Cannot invoke &quot;com.demo.orangehrmlive.utility.Actions.getTexts()&quot; because the return value of &quot;com.demo.orangehrmlive.utility.Actions.findElementXpath(String)&quot; is null" type="java.lang.NullPointerException">
      <![CDATA[java.lang.NullPointerException: Cannot invoke "com.demo.orangehrmlive.utility.Actions.getTexts()" because the return value of "com.demo.orangehrmlive.utility.Actions.findElementXpath(String)" is null
at com.demo.orangehrmlive.functions.LoginPage.loginApplication(LoginPage.java:46)
at com.demo.orangehrmlive.TestScripts.TC005_ValidateMainMenuFunctionality.orangehrmMailMenuTest(TC005_ValidateMainMenuFunctionality.java:19)
at java.base/jdk.internal.reflect.DirectMethodHandleAccessor.invoke(DirectMethodHandleAccessor.java:104)
at java.base/java.lang.reflect.Method.invoke(Method.java:577)
at org.testng.internal.MethodInvocationHelper.invokeMethod(MethodInvocationHelper.java:133)
at org.testng.internal.TestInvoker.invokeMethod(TestInvoker.java:598)
at org.testng.internal.TestInvoker.invokeTestMethod(TestInvoker.java:173)
at org.testng.internal.MethodRunner.runInSequence(MethodRunner.java:46)
at org.testng.internal.TestInvoker$MethodInvocationAgent.invoke(TestInvoker.java:824)
at org.testng.internal.TestInvoker.invokeTestMethods(TestInvoker.java:146)
at org.testng.internal.TestMethodWorker.invokeTestMethods(TestMethodWorker.java:146)
at org.testng.internal.TestMethodWorker.run(TestMethodWorker.java:128)
at java.base/java.util.ArrayList.forEach(ArrayList.java:1511)
at org.testng.TestRunner.privateRun(TestRunner.java:794)
at org.testng.TestRunner.run(TestRunner.java:596)
at org.testng.SuiteRunner.runTest(SuiteRunner.java:377)
at org.testng.SuiteRunner.runSequentially(SuiteRunner.java:371)
at org.testng.SuiteRunner.privateRun(SuiteRunner.java:332)
at org.testng.SuiteRunner.run(SuiteRunner.java:276)
at org.testng.SuiteRunnerWorker.runSuite(SuiteRunnerWorker.java:53)
at org.testng.SuiteRunnerWorker.run(SuiteRunnerWorker.java:96)
at org.testng.TestNG.runSuitesSequentially(TestNG.java:1212)
at org.testng.TestNG.runSuitesLocally(TestNG.java:1134)
at org.testng.TestNG.runSuites(TestNG.java:1063)
at org.testng.TestNG.run(TestNG.java:1031)
at org.testng.remote.AbstractRemoteTestNG.run(AbstractRemoteTestNG.java:115)
at org.testng.remote.RemoteTestNG.initAndRun(RemoteTestNG.java:251)
at org.testng.remote.RemoteTestNG.main(RemoteTestNG.java:77)
]]>
    </error>
  </testcase> <!-- orangehrmMailMenuTest -->
  <system-out/>
  <testcase classname="com.demo.orangehrmlive.TestScripts.TC005_ValidateMainMenuFunctionality" name="orangehrmMailMenuTest" time="13.212"/>
  <system-out/>
  <testcase classname="com.demo.orangehrmlive.TestScripts.TC005_ValidateMainMenuFunctionality" name="orangehrmMailMenuTest" time="14.619"/>
  <system-out/>
  <testcase classname="com.demo.orangehrmlive.TestScripts.TC005_ValidateMainMenuFunctionality" name="orangehrmMailMenuTest" time="13.623"/>
  <system-out/>
  <testcase classname="com.demo.orangehrmlive.TestScripts.TC005_ValidateMainMenuFunctionality" name="orangehrmMailMenuTest" time="13.168"/>
  <system-out/>
  <testcase classname="com.demo.orangehrmlive.TestScripts.TC005_ValidateMainMenuFunctionality" name="orangehrmMailMenuTest" time="13.871"/>
  <system-out/>
  <testcase classname="com.demo.orangehrmlive.TestScripts.TC005_ValidateMainMenuFunctionality" name="orangehrmMailMenuTest" time="13.204"/>
  <system-out/>
  <testcase classname="com.demo.orangehrmlive.TestScripts.TC005_ValidateMainMenuFunctionality" name="orangehrmMailMenuTest" time="13.223"/>
  <system-out/>
  <testcase classname="com.demo.orangehrmlive.TestScripts.TC005_ValidateMainMenuFunctionality" name="orangehrmMailMenuTest" time="11.643"/>
  <system-out/>
  <testcase classname="com.demo.orangehrmlive.TestScripts.TC005_ValidateMainMenuFunctionality" name="orangehrmMailMenuTest" time="12.484"/>
  <system-out/>
  <testcase classname="com.demo.orangehrmlive.TestScripts.TC005_ValidateMainMenuFunctionality" name="orangehrmMailMenuTest" time="12.839"/>
  <system-out/>
</testsuite> <!-- com.demo.orangehrmlive.TestScripts.TC005_ValidateMainMenuFunctionality -->
