<?xml version="1.0" encoding="UTF-8"?>
<!-- Generated by org.testng.reporters.JUnitReportReporter -->
<testsuite hostname="CPT0QG3" failures="0" tests="3" name="com.demo.orangehrmlive.TestScripts.TC002_ValidateLoginFunctionalityWithDataProvider" time="25.034" errors="0" timestamp="2024-07-06T22:52:41 IST" skipped="0">
  <testcase classname="com.demo.orangehrmlive.TestScripts.TC002_ValidateLoginFunctionalityWithDataProvider" name="loginFunctionality" time="8.313"/>
  <system-out/>
  <testcase classname="com.demo.orangehrmlive.TestScripts.TC002_ValidateLoginFunctionalityWithDataProvider" name="loginFunctionality" time="7.912"/>
  <system-out/>
  <testcase classname="com.demo.orangehrmlive.TestScripts.TC002_ValidateLoginFunctionalityWithDataProvider" name="loginFunctionality" time="8.809"/>
  <system-out/>
</testsuite> <!-- com.demo.orangehrmlive.TestScripts.TC002_ValidateLoginFunctionalityWithDataProvider -->
